<?xml version='1.0' encoding='UTF-8'?>
<testsuite hostname="COE-CS-pc37.OU.AD3.UCDAVIS.EDU" name="dinocpu.SingleCycleRTypeTesterLab1" tests="31" errors="0" failures="0" skipped="0" time="16.545" timestamp="2023-04-05T23:27:26">
                     <properties>
[...]
</properties>
                     <testcase classname="dinocpu.SingleCycleRTypeTesterLab1" name="Single Cycle CPU should run R-type instruction addw1" time="2.778">
                                                 
                                               </testcase><testcase classname="dinocpu.SingleCycleRTypeTesterLab1" name="Single Cycle CPU should run R-type instruction addw2" time="0.827">
                                                 
                                               </testcase><testcase classname="dinocpu.SingleCycleRTypeTesterLab1" name="Single Cycle CPU should run R-type instruction addw3" time="0.578">
                                                 
                                               </testcase><testcase classname="dinocpu.SingleCycleRTypeTesterLab1" name="Single Cycle CPU should run R-type instruction or" time="0.447">
                                                 
                                               </testcase><testcase classname="dinocpu.SingleCycleRTypeTesterLab1" name="Single Cycle CPU should run R-type instruction sub" time="0.445">
                                                 
                                               </testcase><testcase classname="dinocpu.SingleCycleRTypeTesterLab1" name="Single Cycle CPU should run R-type instruction subw1" time="0.443">
                                                 
                                               </testcase><testcase classname="dinocpu.SingleCycleRTypeTesterLab1" name="Single Cycle CPU should run R-type instruction subw2" time="0.486">
                                                 
                                               </testcase><testcase classname="dinocpu.SingleCycleRTypeTesterLab1" name="Single Cycle CPU should run R-type instruction subw3" time="0.427">
                                                 
                                               </testcase><testcase classname="dinocpu.SingleCycleRTypeTesterLab1" name="Single Cycle CPU should run R-type instruction and" time="0.409">
                                                 
                                               </testcase><testcase classname="dinocpu.SingleCycleRTypeTesterLab1" name="Single Cycle CPU should run R-type instruction xor" time="0.463">
                                                 
                                               </testcase><testcase classname="dinocpu.SingleCycleRTypeTesterLab1" name="Single Cycle CPU should run R-type instruction slt" time="0.473">
                                                 
                                               </testcase><testcase classname="dinocpu.SingleCycleRTypeTesterLab1" name="Single Cycle CPU should run R-type instruction slt1" time="0.495">
                                                 
                                               </testcase><testcase classname="dinocpu.SingleCycleRTypeTesterLab1" name="Single Cycle CPU should run R-type instruction sltu" time="0.423">
                                                 
                                               </testcase><testcase classname="dinocpu.SingleCycleRTypeTesterLab1" name="Single Cycle CPU should run R-type instruction sltu1" time="0.479">
                                                 
                                               </testcase><testcase classname="dinocpu.SingleCycleRTypeTesterLab1" name="Single Cycle CPU should run R-type instruction sll" time="0.471">
                                                 
                                               </testcase><testcase classname="dinocpu.SingleCycleRTypeTesterLab1" name="Single Cycle CPU should run R-type instruction sll2" time="0.403">
                                                 
                                               </testcase><testcase classname="dinocpu.SingleCycleRTypeTesterLab1" name="Single Cycle CPU should run R-type instruction sllw1" time="0.511">
                                                 
                                               </testcase><testcase classname="dinocpu.SingleCycleRTypeTesterLab1" name="Single Cycle CPU should run R-type instruction sllw2" time="0.446">
                                                 
                                               </testcase><testcase classname="dinocpu.SingleCycleRTypeTesterLab1" name="Single Cycle CPU should run R-type instruction sllw3" time="0.446">
                                                 
                                               </testcase><testcase classname="dinocpu.SingleCycleRTypeTesterLab1" name="Single Cycle CPU should run R-type instruction sllw4" time="0.416">
                                                 
                                               </testcase><testcase classname="dinocpu.SingleCycleRTypeTesterLab1" name="Single Cycle CPU should run R-type instruction srl" time="0.435">
                                                 
                                               </testcase><testcase classname="dinocpu.SingleCycleRTypeTesterLab1" name="Single Cycle CPU should run R-type instruction srl2" time="0.421">
                                                 
                                               </testcase><testcase classname="dinocpu.SingleCycleRTypeTesterLab1" name="Single Cycle CPU should run R-type instruction srlw1" time="0.452">
                                                 
                                               </testcase><testcase classname="dinocpu.SingleCycleRTypeTesterLab1" name="Single Cycle CPU should run R-type instruction srlw2" time="0.41">
                                                 
                                               </testcase><testcase classname="dinocpu.SingleCycleRTypeTesterLab1" name="Single Cycle CPU should run R-type instruction srlw3" time="0.417">
                                                 
                                               </testcase><testcase classname="dinocpu.SingleCycleRTypeTesterLab1" name="Single Cycle CPU should run R-type instruction srlw4" time="0.415">
                                                 
                                               </testcase><testcase classname="dinocpu.SingleCycleRTypeTesterLab1" name="Single Cycle CPU should run R-type instruction sra" time="0.419">
                                                 
                                               </testcase><testcase classname="dinocpu.SingleCycleRTypeTesterLab1" name="Single Cycle CPU should run R-type instruction sra2" time="0.437">
                                                 
                                               </testcase><testcase classname="dinocpu.SingleCycleRTypeTesterLab1" name="Single Cycle CPU should run R-type instruction sraw1" time="0.423">
                                                 
                                               </testcase><testcase classname="dinocpu.SingleCycleRTypeTesterLab1" name="Single Cycle CPU should run R-type instruction sraw2" time="0.404">
                                                 
                                               </testcase><testcase classname="dinocpu.SingleCycleRTypeTesterLab1" name="Single Cycle CPU should run R-type instruction sraw3" time="0.446">
                                                 
                                               </testcase>
                     <system-out><![CDATA[]]></system-out>
                     <system-err><![CDATA[]]></system-err>
                   </testsuite>