<?xml version='1.0' encoding='UTF-8'?>
<testsuite hostname="COE-CS-pc37.OU.AD3.UCDAVIS.EDU" name="dinocpu.SingleCycleRTypeMExtensionTesterLab1" tests="66" errors="0" failures="0" skipped="0" time="31.699" timestamp="2023-04-05T23:27:26">
                     <properties>
[...]
</properties>
                     <testcase classname="dinocpu.SingleCycleRTypeMExtensionTesterLab1" name="Single Cycle CPU should run R-type instruction mul-zero-positive" time="2.784">
                                                 
                                               </testcase><testcase classname="dinocpu.SingleCycleRTypeMExtensionTesterLab1" name="Single Cycle CPU should run R-type instruction mul-positive-positive" time="0.656">
                                                 
                                               </testcase><testcase classname="dinocpu.SingleCycleRTypeMExtensionTesterLab1" name="Single Cycle CPU should run R-type instruction mul-negative-positive" time="0.578">
                                                 
                                               </testcase><testcase classname="dinocpu.SingleCycleRTypeMExtensionTesterLab1" name="Single Cycle CPU should run R-type instruction mul-negative-negative" time="0.502">
                                                 
                                               </testcase><testcase classname="dinocpu.SingleCycleRTypeMExtensionTesterLab1" name="Single Cycle CPU should run R-type instruction mul-big-numbers-positive-positive" time="0.423">
                                                 
                                               </testcase><testcase classname="dinocpu.SingleCycleRTypeMExtensionTesterLab1" name="Single Cycle CPU should run R-type instruction mul-big-numbers-negative-positive" time="0.457">
                                                 
                                               </testcase><testcase classname="dinocpu.SingleCycleRTypeMExtensionTesterLab1" name="Single Cycle CPU should run R-type instruction mul-big-numbers-negative-negative" time="0.462">
                                                 
                                               </testcase><testcase classname="dinocpu.SingleCycleRTypeMExtensionTesterLab1" name="Single Cycle CPU should run R-type instruction mulh-zero-positive" time="0.469">
                                                 
                                               </testcase><testcase classname="dinocpu.SingleCycleRTypeMExtensionTesterLab1" name="Single Cycle CPU should run R-type instruction mulh-positive-positive" time="0.45">
                                                 
                                               </testcase><testcase classname="dinocpu.SingleCycleRTypeMExtensionTesterLab1" name="Single Cycle CPU should run R-type instruction mulh-negative-positive" time="0.495">
                                                 
                                               </testcase><testcase classname="dinocpu.SingleCycleRTypeMExtensionTesterLab1" name="Single Cycle CPU should run R-type instruction mulh-negative-negative" time="0.495">
                                                 
                                               </testcase><testcase classname="dinocpu.SingleCycleRTypeMExtensionTesterLab1" name="Single Cycle CPU should run R-type instruction mulh-big-numbers-positive-positive" time="0.496">
                                                 
                                               </testcase><testcase classname="dinocpu.SingleCycleRTypeMExtensionTesterLab1" name="Single Cycle CPU should run R-type instruction mulh-big-numbers-negative-positive" time="0.447">
                                                 
                                               </testcase><testcase classname="dinocpu.SingleCycleRTypeMExtensionTesterLab1" name="Single Cycle CPU should run R-type instruction mulh-big-numbers-negative-negative" time="0.467">
                                                 
                                               </testcase><testcase classname="dinocpu.SingleCycleRTypeMExtensionTesterLab1" name="Single Cycle CPU should run R-type instruction mulhu-zero" time="0.409">
                                                 
                                               </testcase><testcase classname="dinocpu.SingleCycleRTypeMExtensionTesterLab1" name="Single Cycle CPU should run R-type instruction mulhu-small-numbers" time="0.399">
                                                 
                                               </testcase><testcase classname="dinocpu.SingleCycleRTypeMExtensionTesterLab1" name="Single Cycle CPU should run R-type instruction mulhu-big-numbers-1" time="0.579">
                                                 
                                               </testcase><testcase classname="dinocpu.SingleCycleRTypeMExtensionTesterLab1" name="Single Cycle CPU should run R-type instruction mulhu-big-numbers-2" time="0.516">
                                                 
                                               </testcase><testcase classname="dinocpu.SingleCycleRTypeMExtensionTesterLab1" name="Single Cycle CPU should run R-type instruction mulhsu-zero-positive" time="0.431">
                                                 
                                               </testcase><testcase classname="dinocpu.SingleCycleRTypeMExtensionTesterLab1" name="Single Cycle CPU should run R-type instruction mulhsu-positive-positive" time="0.419">
                                                 
                                               </testcase><testcase classname="dinocpu.SingleCycleRTypeMExtensionTesterLab1" name="Single Cycle CPU should run R-type instruction mulhsu-negative-positive" time="0.444">
                                                 
                                               </testcase><testcase classname="dinocpu.SingleCycleRTypeMExtensionTesterLab1" name="Single Cycle CPU should run R-type instruction mulhsu-big-numbers-positive-positive" time="0.492">
                                                 
                                               </testcase><testcase classname="dinocpu.SingleCycleRTypeMExtensionTesterLab1" name="Single Cycle CPU should run R-type instruction mulhsu-big-numbers-negative-positive-1" time="0.416">
                                                 
                                               </testcase><testcase classname="dinocpu.SingleCycleRTypeMExtensionTesterLab1" name="Single Cycle CPU should run R-type instruction mulhsu-big-numbers-negative-positive-2" time="0.394">
                                                 
                                               </testcase><testcase classname="dinocpu.SingleCycleRTypeMExtensionTesterLab1" name="Single Cycle CPU should run R-type instruction mulw-zero-positive" time="0.392">
                                                 
                                               </testcase><testcase classname="dinocpu.SingleCycleRTypeMExtensionTesterLab1" name="Single Cycle CPU should run R-type instruction mulw-positive-positive" time="0.395">
                                                 
                                               </testcase><testcase classname="dinocpu.SingleCycleRTypeMExtensionTesterLab1" name="Single Cycle CPU should run R-type instruction mulw-negative-positive" time="0.46">
                                                 
                                               </testcase><testcase classname="dinocpu.SingleCycleRTypeMExtensionTesterLab1" name="Single Cycle CPU should run R-type instruction mulw-negative-negative" time="0.411">
                                                 
                                               </testcase><testcase classname="dinocpu.SingleCycleRTypeMExtensionTesterLab1" name="Single Cycle CPU should run R-type instruction mulw-big-numbers-positive-positive" time="0.416">
                                                 
                                               </testcase><testcase classname="dinocpu.SingleCycleRTypeMExtensionTesterLab1" name="Single Cycle CPU should run R-type instruction mulw-big-numbers-negative-positive" time="0.441">
                                                 
                                               </testcase><testcase classname="dinocpu.SingleCycleRTypeMExtensionTesterLab1" name="Single Cycle CPU should run R-type instruction mulw-big-numbers-negative-negative" time="0.441">
                                                 
                                               </testcase><testcase classname="dinocpu.SingleCycleRTypeMExtensionTesterLab1" name="Single Cycle CPU should run R-type instruction div-positive-positive" time="0.468">
                                                 
                                               </testcase><testcase classname="dinocpu.SingleCycleRTypeMExtensionTesterLab1" name="Single Cycle CPU should run R-type instruction div-positive-negative" time="0.4">
                                                 
                                               </testcase><testcase classname="dinocpu.SingleCycleRTypeMExtensionTesterLab1" name="Single Cycle CPU should run R-type instruction div-negative-negative" time="0.396">
                                                 
                                               </testcase><testcase classname="dinocpu.SingleCycleRTypeMExtensionTesterLab1" name="Single Cycle CPU should run R-type instruction div-division-by-zero" time="0.451">
                                                 
                                               </testcase><testcase classname="dinocpu.SingleCycleRTypeMExtensionTesterLab1" name="Single Cycle CPU should run R-type instruction div-overflow" time="0.394">
                                                 
                                               </testcase><testcase classname="dinocpu.SingleCycleRTypeMExtensionTesterLab1" name="Single Cycle CPU should run R-type instruction rem-positive-positive" time="0.415">
                                                 
                                               </testcase><testcase classname="dinocpu.SingleCycleRTypeMExtensionTesterLab1" name="Single Cycle CPU should run R-type instruction rem-positive-negative" time="0.435">
                                                 
                                               </testcase><testcase classname="dinocpu.SingleCycleRTypeMExtensionTesterLab1" name="Single Cycle CPU should run R-type instruction rem-negative-positive" time="0.417">
                                                 
                                               </testcase><testcase classname="dinocpu.SingleCycleRTypeMExtensionTesterLab1" name="Single Cycle CPU should run R-type instruction rem-negative-negative" time="0.419">
                                                 
                                               </testcase><testcase classname="dinocpu.SingleCycleRTypeMExtensionTesterLab1" name="Single Cycle CPU should run R-type instruction rem-division-by-zero" time="0.453">
                                                 
                                               </testcase><testcase classname="dinocpu.SingleCycleRTypeMExtensionTesterLab1" name="Single Cycle CPU should run R-type instruction rem-overflow" time="0.437">
                                                 
                                               </testcase><testcase classname="dinocpu.SingleCycleRTypeMExtensionTesterLab1" name="Single Cycle CPU should run R-type instruction divu-1" time="0.459">
                                                 
                                               </testcase><testcase classname="dinocpu.SingleCycleRTypeMExtensionTesterLab1" name="Single Cycle CPU should run R-type instruction divu-2" time="0.381">
                                                 
                                               </testcase><testcase classname="dinocpu.SingleCycleRTypeMExtensionTesterLab1" name="Single Cycle CPU should run R-type instruction divu-division-by-zero" time="0.389">
                                                 
                                               </testcase><testcase classname="dinocpu.SingleCycleRTypeMExtensionTesterLab1" name="Single Cycle CPU should run R-type instruction remu-1" time="0.407">
                                                 
                                               </testcase><testcase classname="dinocpu.SingleCycleRTypeMExtensionTesterLab1" name="Single Cycle CPU should run R-type instruction remu-2" time="0.435">
                                                 
                                               </testcase><testcase classname="dinocpu.SingleCycleRTypeMExtensionTesterLab1" name="Single Cycle CPU should run R-type instruction remu-division-by-zero" time="0.452">
                                                 
                                               </testcase><testcase classname="dinocpu.SingleCycleRTypeMExtensionTesterLab1" name="Single Cycle CPU should run R-type instruction divw-positive-positive" time="0.493">
                                                 
                                               </testcase><testcase classname="dinocpu.SingleCycleRTypeMExtensionTesterLab1" name="Single Cycle CPU should run R-type instruction divw-positive-negative" time="0.434">
                                                 
                                               </testcase><testcase classname="dinocpu.SingleCycleRTypeMExtensionTesterLab1" name="Single Cycle CPU should run R-type instruction divw-negative-negative" time="0.43">
                                                 
                                               </testcase><testcase classname="dinocpu.SingleCycleRTypeMExtensionTesterLab1" name="Single Cycle CPU should run R-type instruction divw-sign-extension" time="0.502">
                                                 
                                               </testcase><testcase classname="dinocpu.SingleCycleRTypeMExtensionTesterLab1" name="Single Cycle CPU should run R-type instruction divw-division-by-zero" time="0.43">
                                                 
                                               </testcase><testcase classname="dinocpu.SingleCycleRTypeMExtensionTesterLab1" name="Single Cycle CPU should run R-type instruction divw-overflow" time="0.455">
                                                 
                                               </testcase><testcase classname="dinocpu.SingleCycleRTypeMExtensionTesterLab1" name="Single Cycle CPU should run R-type instruction remw-positive-positive" time="0.403">
                                                 
                                               </testcase><testcase classname="dinocpu.SingleCycleRTypeMExtensionTesterLab1" name="Single Cycle CPU should run R-type instruction remw-positive-negative" time="0.465">
                                                 
                                               </testcase><testcase classname="dinocpu.SingleCycleRTypeMExtensionTesterLab1" name="Single Cycle CPU should run R-type instruction remw-negative-negative" time="0.51">
                                                 
                                               </testcase><testcase classname="dinocpu.SingleCycleRTypeMExtensionTesterLab1" name="Single Cycle CPU should run R-type instruction remw-sign-extension" time="0.461">
                                                 
                                               </testcase><testcase classname="dinocpu.SingleCycleRTypeMExtensionTesterLab1" name="Single Cycle CPU should run R-type instruction remw-division-by-zero" time="0.429">
                                                 
                                               </testcase><testcase classname="dinocpu.SingleCycleRTypeMExtensionTesterLab1" name="Single Cycle CPU should run R-type instruction remw-overflow" time="0.424">
                                                 
                                               </testcase><testcase classname="dinocpu.SingleCycleRTypeMExtensionTesterLab1" name="Single Cycle CPU should run R-type instruction divuw-1" time="0.381">
                                                 
                                               </testcase><testcase classname="dinocpu.SingleCycleRTypeMExtensionTesterLab1" name="Single Cycle CPU should run R-type instruction divuw-2" time="0.414">
                                                 
                                               </testcase><testcase classname="dinocpu.SingleCycleRTypeMExtensionTesterLab1" name="Single Cycle CPU should run R-type instruction divuw-division-by-zero" time="0.42">
                                                 
                                               </testcase><testcase classname="dinocpu.SingleCycleRTypeMExtensionTesterLab1" name="Single Cycle CPU should run R-type instruction remuw-1" time="0.4">
                                                 
                                               </testcase><testcase classname="dinocpu.SingleCycleRTypeMExtensionTesterLab1" name="Single Cycle CPU should run R-type instruction remuw-2" time="0.381">
                                                 
                                               </testcase><testcase classname="dinocpu.SingleCycleRTypeMExtensionTesterLab1" name="Single Cycle CPU should run R-type instruction remuw-division-by-zero" time="0.423">
                                                 
                                               </testcase>
                     <system-out><![CDATA[]]></system-out>
                     <system-err><![CDATA[]]></system-err>
                   </testsuite>