<?xml version='1.0' encoding='UTF-8'?>
<testsuite hostname="COE-CS-pc37.OU.AD3.UCDAVIS.EDU" name="dinocpu.SingleCycleAdd0TesterLab1" tests="1" errors="0" failures="0" skipped="0" time="2.778" timestamp="2023-04-05T23:27:26">
                     <properties>
[...]
</properties>
                     <testcase classname="dinocpu.SingleCycleAdd0TesterLab1" name="Single Cycle CPU should run add test add0" time="2.778">
                                                 
                                               </testcase>
                     <system-out><![CDATA[]]></system-out>
                     <system-err><![CDATA[]]></system-err>
                   </testsuite>